2020-10-30 23:48:36,881 INFO o.a.j.u.JMeterUtils: Setting Locale to en_EN
2020-10-30 23:48:36,901 INFO o.a.j.JMeter: Loading user properties from: C:\Users\thpx\Downloads\CursoSelenium\Mod3\apache-jmeter-5.3\bin\user.properties
2020-10-30 23:48:36,902 INFO o.a.j.JMeter: Loading system properties from: C:\Users\thpx\Downloads\CursoSelenium\Mod3\apache-jmeter-5.3\bin\system.properties
2020-10-30 23:48:36,904 INFO o.a.j.JMeter: Copyright (c) 1998-2020 The Apache Software Foundation
2020-10-30 23:48:36,904 INFO o.a.j.JMeter: Version 5.3
2020-10-30 23:48:36,904 INFO o.a.j.JMeter: java.version=1.8.0_251
2020-10-30 23:48:36,904 INFO o.a.j.JMeter: java.vm.name=Java HotSpot(TM) 64-Bit Server VM
2020-10-30 23:48:36,904 INFO o.a.j.JMeter: os.name=Windows 10
2020-10-30 23:48:36,904 INFO o.a.j.JMeter: os.arch=amd64
2020-10-30 23:48:36,904 INFO o.a.j.JMeter: os.version=10.0
2020-10-30 23:48:36,904 INFO o.a.j.JMeter: file.encoding=Cp1252
2020-10-30 23:48:36,904 INFO o.a.j.JMeter: java.awt.headless=true
2020-10-30 23:48:36,904 INFO o.a.j.JMeter: Max memory     =1073741824
2020-10-30 23:48:36,904 INFO o.a.j.JMeter: Available Processors =12
2020-10-30 23:48:36,912 INFO o.a.j.JMeter: Default Locale=English (EN)
2020-10-30 23:48:36,912 INFO o.a.j.JMeter: JMeter  Locale=English (EN)
2020-10-30 23:48:36,912 INFO o.a.j.JMeter: JMeterHome=C:\Users\thpx\Downloads\CursoSelenium\Mod3\apache-jmeter-5.3
2020-10-30 23:48:36,913 INFO o.a.j.JMeter: user.dir  =C:\Users\thpx\OneDrive\Documents\ProyectoMod3\load\Jmeter
2020-10-30 23:48:36,914 INFO o.a.j.JMeter: PWD       =C:\Users\thpx\OneDrive\Documents\ProyectoMod3\load\Jmeter
2020-10-30 23:48:36,917 INFO o.a.j.JMeter: IP: 192.168.100.37 Name: LAPTOP-H70F6Q3G FullName: LAPTOP-H70F6Q3G
2020-10-30 23:48:36,922 INFO o.a.j.s.FileServer: Default base='C:\Users\thpx\OneDrive\Documents\ProyectoMod3\load\Jmeter'
2020-10-30 23:48:36,930 INFO o.a.j.s.FileServer: Set new base='C:\Users\thpx\OneDrive\Documents\ProyectoMod3\load\Jmeter'
2020-10-30 23:48:37,127 INFO o.a.j.s.SaveService: Testplan (JMX) version: 2.2. Testlog (JTL) version: 2.2
2020-10-30 23:48:37,152 INFO o.a.j.s.SaveService: Using SaveService properties file encoding UTF-8
2020-10-30 23:48:37,159 INFO o.a.j.s.SaveService: Using SaveService properties version 5.0
2020-10-30 23:48:37,166 INFO o.a.j.s.SaveService: Loading file: examen_jmeter.jmx
2020-10-30 23:48:37,227 INFO o.a.j.p.h.s.HTTPSamplerBase: Parser for text/html is org.apache.jmeter.protocol.http.parser.LagartoBasedHtmlParser
2020-10-30 23:48:37,227 INFO o.a.j.p.h.s.HTTPSamplerBase: Parser for application/xhtml+xml is org.apache.jmeter.protocol.http.parser.LagartoBasedHtmlParser
2020-10-30 23:48:37,227 INFO o.a.j.p.h.s.HTTPSamplerBase: Parser for application/xml is org.apache.jmeter.protocol.http.parser.LagartoBasedHtmlParser
2020-10-30 23:48:37,227 INFO o.a.j.p.h.s.HTTPSamplerBase: Parser for text/xml is org.apache.jmeter.protocol.http.parser.LagartoBasedHtmlParser
2020-10-30 23:48:37,227 INFO o.a.j.p.h.s.HTTPSamplerBase: Parser for text/vnd.wap.wml is org.apache.jmeter.protocol.http.parser.RegexpHTMLParser
2020-10-30 23:48:37,227 INFO o.a.j.p.h.s.HTTPSamplerBase: Parser for text/css is org.apache.jmeter.protocol.http.parser.CssParser
2020-10-30 23:48:37,298 INFO o.a.j.JMeter: Creating summariser <summary>
2020-10-30 23:48:37,308 INFO o.a.j.e.StandardJMeterEngine: Running the test!
2020-10-30 23:48:37,310 INFO o.a.j.s.SampleEvent: List of sample_variables: []
2020-10-30 23:48:37,310 INFO o.a.j.s.SampleEvent: List of sample_variables: []
2020-10-30 23:48:37,328 INFO o.a.j.e.u.CompoundVariable: Note: Function class names must contain the string: '.functions.'
2020-10-30 23:48:37,328 INFO o.a.j.e.u.CompoundVariable: Note: Function class names must not contain the string: '.gui.'
2020-10-30 23:48:37,710 INFO o.a.j.JMeter: Running test (1604123317710)
2020-10-30 23:48:37,757 INFO o.a.j.e.StandardJMeterEngine: Starting ThreadGroup: 1 : Thread Group
2020-10-30 23:48:37,757 INFO o.a.j.e.StandardJMeterEngine: Starting 10 threads for group Thread Group.
2020-10-30 23:48:37,757 INFO o.a.j.e.StandardJMeterEngine: Thread will continue on error
2020-10-30 23:48:37,758 INFO o.a.j.t.ThreadGroup: Starting thread group... number=1 threads=10 ramp-up=10 delayedStart=false
2020-10-30 23:48:37,772 INFO o.a.j.t.JMeterThread: Thread started: Thread Group 1-1
2020-10-30 23:48:37,778 INFO o.a.j.t.ThreadGroup: Started thread group number 1
2020-10-30 23:48:37,778 INFO o.a.j.e.StandardJMeterEngine: All thread groups have been started
2020-10-30 23:48:37,807 INFO o.a.j.p.h.s.HTTPHCAbstractImpl: Local host = LAPTOP-H70F6Q3G
2020-10-30 23:48:37,820 INFO o.a.j.p.h.s.HTTPHC4Impl: HTTP request retry count = 0
2020-10-30 23:48:37,822 INFO o.a.j.s.SampleResult: Note: Sample TimeStamps are START times
2020-10-30 23:48:37,823 INFO o.a.j.s.SampleResult: sampleresult.default.encoding is set to ISO-8859-1
2020-10-30 23:48:37,823 INFO o.a.j.s.SampleResult: sampleresult.useNanoTime=true
2020-10-30 23:48:37,823 INFO o.a.j.s.SampleResult: sampleresult.nanoThreadSleep=5000
2020-10-30 23:48:38,024 INFO o.a.j.p.h.s.h.LazyLayeredConnectionSocketFactory: Setting up HTTPS TrustAll Socket Factory
2020-10-30 23:48:38,035 INFO o.a.j.u.JsseSSLManager: Using default SSL protocol: TLS
2020-10-30 23:48:38,035 INFO o.a.j.u.JsseSSLManager: SSL session context: per-thread
2020-10-30 23:48:38,766 INFO o.a.j.t.JMeterThread: Thread started: Thread Group 1-2
2020-10-30 23:48:38,822 INFO o.a.j.u.SSLManager: JmeterKeyStore Location:  type JKS
2020-10-30 23:48:38,825 INFO o.a.j.u.SSLManager: KeyStore created OK
2020-10-30 23:48:38,825 WARN o.a.j.u.SSLManager: Keystore file not found, loading empty keystore
2020-10-30 23:48:39,765 INFO o.a.j.t.JMeterThread: Thread started: Thread Group 1-3
2020-10-30 23:48:39,917 INFO o.a.j.t.JMeterThread: Thread is done: Thread Group 1-2
2020-10-30 23:48:39,917 INFO o.a.j.t.JMeterThread: Thread finished: Thread Group 1-2
2020-10-30 23:48:39,927 INFO o.a.j.t.JMeterThread: Thread is done: Thread Group 1-1
2020-10-30 23:48:39,927 INFO o.a.j.t.JMeterThread: Thread finished: Thread Group 1-1
2020-10-30 23:48:40,397 INFO o.a.j.t.JMeterThread: Thread is done: Thread Group 1-3
2020-10-30 23:48:40,397 INFO o.a.j.t.JMeterThread: Thread finished: Thread Group 1-3
2020-10-30 23:48:40,765 INFO o.a.j.t.JMeterThread: Thread started: Thread Group 1-4
2020-10-30 23:48:41,393 INFO o.a.j.t.JMeterThread: Thread is done: Thread Group 1-4
2020-10-30 23:48:41,393 INFO o.a.j.t.JMeterThread: Thread finished: Thread Group 1-4
2020-10-30 23:48:41,764 INFO o.a.j.t.JMeterThread: Thread started: Thread Group 1-5
2020-10-30 23:48:42,448 INFO o.a.j.t.JMeterThread: Thread is done: Thread Group 1-5
2020-10-30 23:48:42,449 INFO o.a.j.t.JMeterThread: Thread finished: Thread Group 1-5
2020-10-30 23:48:42,765 INFO o.a.j.t.JMeterThread: Thread started: Thread Group 1-6
2020-10-30 23:48:43,436 INFO o.a.j.t.JMeterThread: Thread is done: Thread Group 1-6
2020-10-30 23:48:43,436 INFO o.a.j.t.JMeterThread: Thread finished: Thread Group 1-6
2020-10-30 23:48:43,765 INFO o.a.j.t.JMeterThread: Thread started: Thread Group 1-7
2020-10-30 23:48:44,446 INFO o.a.j.t.JMeterThread: Thread is done: Thread Group 1-7
2020-10-30 23:48:44,446 INFO o.a.j.t.JMeterThread: Thread finished: Thread Group 1-7
2020-10-30 23:48:44,765 INFO o.a.j.t.JMeterThread: Thread started: Thread Group 1-8
2020-10-30 23:48:45,377 INFO o.a.j.t.JMeterThread: Thread is done: Thread Group 1-8
2020-10-30 23:48:45,377 INFO o.a.j.t.JMeterThread: Thread finished: Thread Group 1-8
2020-10-30 23:48:45,765 INFO o.a.j.t.JMeterThread: Thread started: Thread Group 1-9
2020-10-30 23:48:46,389 INFO o.a.j.t.JMeterThread: Thread is done: Thread Group 1-9
2020-10-30 23:48:46,390 INFO o.a.j.t.JMeterThread: Thread finished: Thread Group 1-9
2020-10-30 23:48:46,767 INFO o.a.j.t.JMeterThread: Thread started: Thread Group 1-10
2020-10-30 23:48:47,387 INFO o.a.j.t.JMeterThread: Thread is done: Thread Group 1-10
2020-10-30 23:48:47,387 INFO o.a.j.t.JMeterThread: Thread finished: Thread Group 1-10
2020-10-30 23:48:47,387 INFO o.a.j.e.StandardJMeterEngine: Notifying test listeners of end of test
2020-10-30 23:48:47,389 INFO o.a.j.r.Summariser: summary =     50 in 00:00:10 =    5.2/s Avg:   162 Min:     0 Max:  1622 Err:     0 (0.00%)
